2024-10-02 15:21:46.349 [info] Added views:workbench.panel.markers.view in workbench.panel.markers
2024-10-02 15:21:46.349 [info] Added views:workbench.panel.output in workbench.panel.output
2024-10-02 15:21:46.349 [info] Added views:terminal in terminal
2024-10-02 15:21:46.349 [info] Added views:outline in workbench.view.explorer
2024-10-02 15:21:46.349 [info] Added views:workbench.scm in workbench.view.scm
2024-10-02 15:21:46.349 [info] Added views:workbench.view.search in workbench.view.search
2024-10-02 15:21:46.349 [info] Added views:timeline in workbench.view.explorer
2024-10-02 15:21:46.349 [info] Added views:workbench.explorer.fileView in workbench.view.explorer
2024-10-02 15:21:46.595 [info] Added views:workbench.debug.welcome in workbench.view.debug
2024-10-02 15:21:47.174 [info] Added views:workbench.panel.repl.view in workbench.panel.repl
2024-10-02 15:21:47.604 [info] Added views:~remote.forwardedPorts in ~remote.forwardedPortsContainer
2024-10-02 15:23:01.670 [info] Added views:workbench.panel.markers.view in workbench.panel.markers
2024-10-02 15:23:01.670 [info] Added views:workbench.panel.output in workbench.panel.output
2024-10-02 15:23:01.670 [info] Added views:terminal in terminal
2024-10-02 15:23:01.670 [info] Added views:outline in workbench.view.explorer
2024-10-02 15:23:01.670 [info] Added views:workbench.scm in workbench.view.scm
2024-10-02 15:23:01.670 [info] Added views:workbench.view.search in workbench.view.search
2024-10-02 15:23:01.670 [info] Added views:timeline in workbench.view.explorer
2024-10-02 15:23:01.670 [info] Added views:workbench.explorer.fileView in workbench.view.explorer
2024-10-02 15:23:02.006 [info] Added views:workbench.debug.variablesView,workbench.debug.watchExpressionsView,workbench.debug.callStackView,workbench.debug.breakPointsView in workbench.view.debug
2024-10-02 15:23:02.029 [info] Added views:workbench.panel.repl.view in workbench.panel.repl
2024-10-02 15:23:02.030 [info] Removed views:workbench.debug.breakPointsView,workbench.debug.callStackView,workbench.debug.watchExpressionsView,workbench.debug.variablesView from workbench.view.debug
2024-10-02 15:23:02.030 [info] Added views:workbench.debug.welcome in workbench.view.debug
2024-10-02 15:23:02.088 [info] Added views:~remote.forwardedPorts in ~remote.forwardedPortsContainer
2024-10-02 15:23:10.651 [info] Added views:workbench.scm.history in workbench.view.scm
