2024-10-02 15:21:47.065 [info] Extension host with pid 3608 started
2024-10-02 15:21:47.065 [info] Skipping acquiring lock for /root/shell/~/vscode/User/workspaceStorage/1fcce66e8d95ed20a61b54f86064ecf2.
2024-10-02 15:21:47.172 [info] ExtensionService#_doActivateExtension vscode.emmet, startup: false, activationEvent: 'onLanguage'
2024-10-02 15:21:47.173 [info] ExtensionService#_doActivateExtension mads-hartmann.bash-ide-vscode, startup: false, activationEvent: 'onLanguage:shellscript'
2024-10-02 15:21:47.889 [info] ExtensionService#_doActivateExtension vscode.git-base, startup: true, activationEvent: '*', root cause: vscode.git
2024-10-02 15:21:47.895 [info] ExtensionService#_doActivateExtension vscode.git, startup: true, activationEvent: '*'
2024-10-02 15:21:47.895 [info] ExtensionService#_doActivateExtension vscode.github, startup: true, activationEvent: '*'
2024-10-02 15:21:48.016 [info] Eager extensions activated
2024-10-02 15:21:48.043 [info] ExtensionService#_doActivateExtension vscode.debug-auto-launch, startup: false, activationEvent: 'onStartupFinished'
2024-10-02 15:21:48.043 [info] ExtensionService#_doActivateExtension vscode.merge-conflict, startup: false, activationEvent: 'onStartupFinished'
2024-10-02 15:23:01.015 [info] Extension host terminating: renderer closed the MessagePort
2024-10-02 15:23:01.021 [info] Extension host with pid 3608 exiting with code 0
2024-10-02 15:23:01.969 [info] Extension host with pid 3816 started
2024-10-02 15:23:01.969 [info] Skipping acquiring lock for /root/shell/~/vscode/User/workspaceStorage/d9b7b97e13325a6402aad73e24210d68.
2024-10-02 15:23:02.031 [info] ExtensionService#_doActivateExtension vscode.git-base, startup: true, activationEvent: '*'
2024-10-02 15:23:02.054 [info] ExtensionService#_doActivateExtension vscode.github, startup: true, activationEvent: '*'
2024-10-02 15:23:02.111 [info] Eager extensions activated
2024-10-02 15:23:02.121 [info] ExtensionService#_doActivateExtension vscode.debug-auto-launch, startup: false, activationEvent: 'onStartupFinished'
2024-10-02 15:23:02.122 [info] ExtensionService#_doActivateExtension vscode.merge-conflict, startup: false, activationEvent: 'onStartupFinished'
2024-10-02 15:23:10.523 [info] ExtensionService#_doActivateExtension vscode.git, startup: false, activationEvent: 'api', root cause: vscode.github
2024-10-02 15:23:10.669 [info] ExtensionService#_doActivateExtension vscode.emmet, startup: false, activationEvent: 'onLanguage'
2024-10-02 15:23:10.725 [info] ExtensionService#_doActivateExtension vscode.github-authentication, startup: false, activationEvent: 'onAuthenticationRequest:github'
2024-10-02 15:23:27.270 [info] ExtensionService#_doActivateExtension mads-hartmann.bash-ide-vscode, startup: false, activationEvent: 'onLanguage:shellscript'
