[Warn  - 오후 3:51:38] 06:51:38.410 WARNING ⛔️ Environment variable configuration is being deprecated, please use workspace configuration. The following environment variables were used: shfmt
[Info  - 오후 3:51:38] 06:51:38.432 INFO BackgroundAnalysis: resolving glob "**/*@(.sh|.inc|.bash|.command)" inside "file:///root/bin"...
[Info  - 오후 3:51:38] 06:51:38.441 INFO BackgroundAnalysis: Glob resolved with 18 files after 0.009 seconds
[Info  - 오후 3:51:38] 06:51:38.471 INFO BackgroundAnalysis: Completed after 0.039 seconds.
[Warn  - 오후 3:51:38] 06:51:38.939 WARNING ⛔️ ShellCheck: disabling linting as no executable was found at path 'shellcheck'
[Warn  - 오후 3:51:43] 06:51:43.113 WARNING ⛔️ Error while parsing file:///root/bin/poweroff.sh: syntax error
[Warn  - 오후 3:51:44] 06:51:44.006 WARNING ⛔️ Error while parsing file:///root/bin/poweroff.sh: syntax error
[Warn  - 오후 3:51:44] 06:51:44.690 WARNING ⛔️ Error while parsing file:///root/bin/poweroff.sh: syntax error
[Warn  - 오후 3:51:44] 06:51:44.931 WARNING ⛔️ Error while parsing file:///root/bin/poweroff.sh: syntax error
[Warn  - 오후 3:51:45] 06:51:45.195 WARNING ⛔️ Error while parsing file:///root/bin/poweroff.sh: syntax error
[Warn  - 오후 3:51:45] 06:51:45.207 WARNING ⛔️ Error while parsing file:///root/bin/poweroff.sh: syntax error
[Warn  - 오후 3:51:45] 06:51:45.945 WARNING ⛔️ Error while parsing file:///root/bin/poweroff.sh: syntax error
[Warn  - 오후 3:51:46] 06:51:46.398 WARNING ⛔️ Error while parsing file:///root/bin/poweroff.sh: syntax error
[Warn  - 오후 3:51:47] 06:51:47.111 WARNING ⛔️ Error while parsing file:///root/bin/poweroff.sh: syntax error
[Warn  - 오후 3:51:48] 06:51:48.237 WARNING ⛔️ Error while parsing file:///root/bin/poweroff.sh: syntax error
[Warn  - 오후 3:51:49] 06:51:49.231 WARNING ⛔️ Error while parsing file:///root/bin/poweroff.sh: syntax error
[Warn  - 오후 3:51:49] 06:51:49.331 WARNING ⛔️ Error while parsing file:///root/bin/poweroff.sh: syntax error
[Warn  - 오후 3:51:50] 06:51:50.494 WARNING ⛔️ Error while parsing file:///root/bin/poweroff.sh: syntax error
[Warn  - 오후 3:51:51] 06:51:51.022 WARNING ⛔️ Error while parsing file:///root/bin/poweroff.sh: syntax error
[Warn  - 오후 3:51:51] 06:51:51.124 WARNING ⛔️ Error while parsing file:///root/bin/poweroff.sh: syntax error
[Warn  - 오후 3:51:51] 06:51:51.806 WARNING ⛔️ Error while parsing file:///root/bin/poweroff.sh: syntax error
[Warn  - 오후 3:51:53] 06:51:53.359 WARNING ⛔️ Error while parsing file:///root/bin/poweroff.sh: syntax error
[Warn  - 오후 3:51:53] 06:51:53.824 WARNING ⛔️ Error while parsing file:///root/bin/poweroff.sh: syntax error
[Warn  - 오후 3:51:53] 06:51:53.869 WARNING ⛔️ Error while parsing file:///root/bin/poweroff.sh: syntax error
[Warn  - 오후 3:51:54] 06:51:54.219 WARNING ⛔️ Error while parsing file:///root/bin/poweroff.sh: syntax error
[Warn  - 오후 3:51:54] 06:51:54.616 WARNING ⛔️ Error while parsing file:///root/bin/poweroff.sh: syntax error
[Warn  - 오후 3:51:55] 06:51:55.046 WARNING ⛔️ Error while parsing file:///root/bin/poweroff.sh: syntax error
[Warn  - 오후 3:51:55] 06:51:55.144 WARNING ⛔️ Error while parsing file:///root/bin/poweroff.sh: syntax error
[Warn  - 오후 3:51:55] 06:51:55.247 WARNING ⛔️ Error while parsing file:///root/bin/poweroff.sh: syntax error
[Warn  - 오후 3:51:55] 06:51:55.494 WARNING ⛔️ Error while parsing file:///root/bin/poweroff.sh: syntax error
[Warn  - 오후 3:52:19] 06:52:19.513 WARNING ⛔️ Error while parsing file:///root/bin/poweroff.sh: syntax error
[Warn  - 오후 3:52:33] 06:52:33.646 WARNING ⛔️ Error while parsing file:///root/bin/poweroff.sh: syntax error
[Warn  - 오후 3:52:35] 06:52:35.381 WARNING ⛔️ Error while parsing file:///root/bin/poweroff.sh: syntax error
[Warn  - 오후 3:52:48] 06:52:48.676 WARNING ⛔️ Error while parsing file:///root/bin/poweroff.sh: syntax error
